Ambient Temp Total = 0.0
Ambient Temp  Count = 0
Avg Ambient Temp = 0.0
-------------------------------------------
Ambient Humidity Total = 0.0
Ambient Humidity Count = 0
Avg Ambient Humidity = 0
-------------------------------------------
Passenger Total = 0
Passenger Count = 0
Avg Passenger = 0.0
-------------------------------------------
Total Mass = 0.0
Train Count = 0.0
Avg Train Mass = 0.0
-------------------------------------------
Avg Train Speed = 0.0
-------------------------------------------
Avg Train Acceleration = 0.0
-------------------------------------------
Train Vibration Count = 0.0
Avg Train Vibration = 0.0
-------------------------------------------
Avg Time on the Chain Dog = 0.0
-------------------------------------------
Avg Time Braking = 0.0
-------------------------------------------
Avg Moisture Reading = 0.0
-------------------------------------------
Ambient Temp Total = 0.0
Ambient Temp  Count = 0
Avg Ambient Temp = 0.0
-------------------------------------------
Ambient Humidity Total = 0.0
Ambient Humidity Count = 0
Avg Ambient Humidity = 0
-------------------------------------------
Passenger Total = 0
Passenger Count = 0
Avg Passenger = 0.0
-------------------------------------------
Total Mass = 0.0
Train Count = 0.0
Avg Train Mass = 0.0
-------------------------------------------
Avg Train Speed = 0.0
-------------------------------------------
Avg Train Acceleration = 0.0
-------------------------------------------
Train Vibration Count = 0.0
Avg Train Vibration = 0.0
-------------------------------------------
Avg Time on the Chain Dog = 0.0
-------------------------------------------
Avg Time Braking = 0.0
-------------------------------------------
Avg Moisture Reading = 0.0
-------------------------------------------
Ambient Temp Total = 0.0
Ambient Temp  Count = 0
Avg Ambient Temp = 0.0
-------------------------------------------
Ambient Humidity Total = 0.0
Ambient Humidity Count = 0
Avg Ambient Humidity = 0
-------------------------------------------
Passenger Total = 0
Passenger Count = 0
Avg Passenger = 0.0
-------------------------------------------
Total Mass = 0.0
Train Count = 0.0
Avg Train Mass = 0.0
-------------------------------------------
Avg Train Speed = 0.0
-------------------------------------------
Avg Train Acceleration = 0.0
-------------------------------------------
Train Vibration Count = 0.0
Avg Train Vibration = 0.0
-------------------------------------------
Avg Time on the Chain Dog = 0.0
-------------------------------------------
Avg Time Braking = 0.0
-------------------------------------------
Avg Moisture Reading = 0.0
-------------------------------------------
Ambient Temp Total = 0.0
Ambient Temp  Count = 0
Avg Ambient Temp = 0.0
-------------------------------------------
Ambient Humidity Total = 0.0
Ambient Humidity Count = 0
Avg Ambient Humidity = 0
-------------------------------------------
Passenger Total = 0
Passenger Count = 0
Avg Passenger = 0.0
-------------------------------------------
Total Mass = 0.0
Train Count = 0.0
Avg Train Mass = 0.0
-------------------------------------------
Avg Train Speed = 0.0
-------------------------------------------
Avg Train Acceleration = 0.0
-------------------------------------------
Train Vibration Count = 0.0
Avg Train Vibration = 0.0
-------------------------------------------
Avg Time on the Chain Dog = 0.0
-------------------------------------------
Avg Time Braking = 0.0
-------------------------------------------
Avg Moisture Reading = 0.0
-------------------------------------------
Ambient Temp Total = 0.0
Ambient Temp  Count = 0
Avg Ambient Temp = 0.0
-------------------------------------------
Ambient Humidity Total = 0.0
Ambient Humidity Count = 0
Avg Ambient Humidity = 0
-------------------------------------------
Passenger Total = 0
Passenger Count = 0
Avg Passenger = 0.0
-------------------------------------------
Total Mass = 0.0
Train Count = 0.0
Avg Train Mass = 0.0
-------------------------------------------
Avg Train Speed = 0.0
-------------------------------------------
Avg Train Acceleration = 0.0
-------------------------------------------
Train Vibration Count = 0.0
Avg Train Vibration = 0.0
-------------------------------------------
Avg Time on the Chain Dog = 0.0
-------------------------------------------
Avg Time Braking = 0.0
-------------------------------------------
Avg Moisture Reading = 0.0
-------------------------------------------
Ambient Temp Total = 0.0
Ambient Temp  Count = 0
Avg Ambient Temp = 0.0
-------------------------------------------
Ambient Humidity Total = 0.0
Ambient Humidity Count = 0
Avg Ambient Humidity = 0
-------------------------------------------
Passenger Total = 0
Passenger Count = 0
Avg Passenger = 0.0
-------------------------------------------
Total Mass = 0.0
Train Count = 0.0
Avg Train Mass = 0.0
-------------------------------------------
Avg Train Speed = 0.0
-------------------------------------------
Avg Train Acceleration = 0.0
-------------------------------------------
Train Vibration Count = 0.0
Avg Train Vibration = 0.0
-------------------------------------------
Avg Time on the Chain Dog = 0.0
-------------------------------------------
Avg Time Braking = 0.0
-------------------------------------------
Avg Moisture Reading = 0.0
-------------------------------------------
Ambient Temp Total = 0.0
Ambient Temp  Count = 0
Avg Ambient Temp = 0.0
-------------------------------------------
Ambient Humidity Total = 0.0
Ambient Humidity Count = 0
Avg Ambient Humidity = 0
-------------------------------------------
Passenger Total = 0
Passenger Count = 0
Avg Passenger = 0.0
-------------------------------------------
Total Mass = 0.0
Train Count = 0.0
Avg Train Mass = 0.0
-------------------------------------------
Avg Train Speed = 0.0
-------------------------------------------
Avg Train Acceleration = 0.0
-------------------------------------------
Train Vibration Count = 0.0
Avg Train Vibration = 0.0
-------------------------------------------
Avg Time on the Chain Dog = 0.0
-------------------------------------------
Avg Time Braking = 0.0
-------------------------------------------
Avg Moisture Reading = 0.0
-------------------------------------------
Ambient Temp Total = 0.0
Ambient Temp  Count = 0
Avg Ambient Temp = 0.0
-------------------------------------------
Ambient Humidity Total = 0.0
Ambient Humidity Count = 0
Avg Ambient Humidity = 0
-------------------------------------------
Passenger Total = 0
Passenger Count = 0
Avg Passenger = 0.0
-------------------------------------------
Total Mass = 0.0
Train Count = 0.0
Avg Train Mass = 0.0
-------------------------------------------
Avg Train Speed = 0.0
-------------------------------------------
Avg Train Acceleration = 0.0
-------------------------------------------
Train Vibration Count = 0.0
Avg Train Vibration = 0.0
-------------------------------------------
Avg Time on the Chain Dog = 0.0
-------------------------------------------
Avg Time Braking = 0.0
-------------------------------------------
Avg Moisture Reading = 0.0
-------------------------------------------
Ambient Temp Total = 5671.400000000001
Ambient Temp  Count = 100
Avg Ambient Temp = 56.714000000000006
-------------------------------------------
Ambient Humidity Total = 5396.100000000003
Ambient Humidity Count = 100
Avg Ambient Humidity = 56.714000000000006
-------------------------------------------
Passenger Total = 655
Passenger Count = 100
Avg Passenger = 6.55
-------------------------------------------
Total Mass = 373137.99999999994
Train Count = 100.0
Avg Train Mass = 3731.379999999999
-------------------------------------------
Avg Train Speed = 19.692000000000007
-------------------------------------------
Avg Train Acceleration = 19.692000000000007
-------------------------------------------
Train Vibration Count = 200.0
Avg Train Vibration = 0.04407644996439987
-------------------------------------------
Avg Time on the Chain Dog = 0.09
-------------------------------------------
Avg Time Braking = 0.09
-------------------------------------------
Avg Moisture Reading = 0.08
-------------------------------------------
Ambient Temp Total = 5671.400000000001
Ambient Temp  Count = 100
Avg Ambient Temp = 56.714000000000006
-------------------------------------------
Ambient Humidity Total = 5396.100000000003
Ambient Humidity Count = 100
Avg Ambient Humidity = 56.714000000000006
-------------------------------------------
Passenger Total = 655
Passenger Count = 100
Avg Passenger = 6.55
-------------------------------------------
Total Mass = 373137.99999999994
Train Count = 100.0
Avg Train Mass = 3731.379999999999
-------------------------------------------
Avg Train Speed = 19.692000000000007
-------------------------------------------
Avg Train Acceleration = 19.692000000000007
-------------------------------------------
Train Vibration Count = 200.0
Avg Train Vibration = 0.04407644996439987
-------------------------------------------
Avg Time on the Chain Dog = 0.09
-------------------------------------------
Avg Time Braking = 0.09
-------------------------------------------
Avg Moisture Reading = 0.08
-------------------------------------------
Ambient Temp Total = 5671.400000000001
Ambient Temp  Count = 100
Avg Ambient Temp = 56.714000000000006
-------------------------------------------
Ambient Humidity Total = 5396.100000000003
Ambient Humidity Count = 100
Avg Ambient Humidity = 56.714000000000006
-------------------------------------------
Passenger Total = 655
Passenger Count = 100
Avg Passenger = 6.55
-------------------------------------------
Total Mass = 373137.99999999994
Train Count = 100.0
Avg Train Mass = 3731.379999999999
-------------------------------------------
Avg Train Speed = 19.692000000000007
-------------------------------------------
Avg Train Acceleration = 19.692000000000007
-------------------------------------------
Train Vibration Count = 200.0
Avg Train Vibration = 0.04407644996439987
-------------------------------------------
Avg Time on the Chain Dog = 0.09
-------------------------------------------
Avg Time Braking = 0.09
-------------------------------------------
Avg Moisture Reading = 0.08
-------------------------------------------
Ambient Temp Total = 5671.400000000001
Ambient Temp  Count = 100
Avg Ambient Temp = 56.714000000000006
-------------------------------------------
Ambient Humidity Total = 5396.100000000003
Ambient Humidity Count = 100
Avg Ambient Humidity = 56.714000000000006
-------------------------------------------
Passenger Total = 655
Passenger Count = 100
Avg Passenger = 6.55
-------------------------------------------
Total Mass = 373137.99999999994
Train Count = 100.0
Avg Train Mass = 3731.379999999999
-------------------------------------------
Avg Train Speed = 19.692000000000007
-------------------------------------------
Avg Train Acceleration = 19.692000000000007
-------------------------------------------
Train Vibration Count = 200.0
Avg Train Vibration = 0.04407644996439987
-------------------------------------------
Avg Time on the Chain Dog = 0.09
-------------------------------------------
Avg Time Braking = 0.09
-------------------------------------------
Avg Moisture Reading = 0.08
-------------------------------------------
Ambient Temp Total = 5671.400000000001
Ambient Temp  Count = 100
Avg Ambient Temp = 56.714000000000006
-------------------------------------------
Ambient Humidity Total = 5396.100000000003
Ambient Humidity Count = 100
Avg Ambient Humidity = 56.714000000000006
-------------------------------------------
Passenger Total = 655
Passenger Count = 100
Avg Passenger = 6.55
-------------------------------------------
Total Mass = 373137.99999999994
Train Count = 100.0
Avg Train Mass = 3731.379999999999
-------------------------------------------
Avg Train Speed = 19.692000000000007
-------------------------------------------
Avg Train Acceleration = 19.692000000000007
-------------------------------------------
Train Vibration Count = 200.0
Avg Train Vibration = 0.04407644996439987
-------------------------------------------
Avg Time on the Chain Dog = 0.09
-------------------------------------------
Avg Time Braking = 0.09
-------------------------------------------
Avg Moisture Reading = 0.08
-------------------------------------------
Ambient Temp Total = 6672.400000000001
Ambient Temp  Count = 119
Avg Ambient Temp = 56.070588235294125
-------------------------------------------
Ambient Humidity Total = 6304.800000000002
Ambient Humidity Count = 119
Avg Ambient Humidity = 56.070588235294125
-------------------------------------------
Passenger Total = 790
Passenger Count = 119
Avg Passenger = 6.638655462184874
-------------------------------------------
Total Mass = 444910.5999999999
Train Count = 119.0
Avg Train Mass = 3738.7445378151256
-------------------------------------------
Avg Train Speed = 20.004201680672274
-------------------------------------------
Avg Train Acceleration = 20.004201680672274
-------------------------------------------
Train Vibration Count = 238.0
Avg Train Vibration = 0.038108469577527025
-------------------------------------------
Avg Time on the Chain Dog = 0.09243697478991597
-------------------------------------------
Avg Time Braking = 0.09243697478991597
-------------------------------------------
Avg Moisture Reading = 0.06722689075630252
-------------------------------------------
Ambient Temp Total = 11202.100000000004
Ambient Temp  Count = 200
Avg Ambient Temp = 56.01050000000002
-------------------------------------------
Ambient Humidity Total = 10470.199999999993
Ambient Humidity Count = 200
Avg Ambient Humidity = 56.01050000000002
-------------------------------------------
Passenger Total = 1226
Passenger Count = 200
Avg Passenger = 6.13
-------------------------------------------
Total Mass = 741575.3000000003
Train Count = 200.0
Avg Train Mass = 3707.876500000001
-------------------------------------------
Avg Train Speed = 19.2485
-------------------------------------------
Avg Train Acceleration = 19.2485
-------------------------------------------
Train Vibration Count = 400.0
Avg Train Vibration = 0.035931893276874696
-------------------------------------------
Avg Time on the Chain Dog = 0.105
-------------------------------------------
Avg Time Braking = 0.105
-------------------------------------------
Avg Moisture Reading = 0.065
-------------------------------------------
Ambient Temp Total = 11202.100000000004
Ambient Temp  Count = 200
Avg Ambient Temp = 56.01050000000002
-------------------------------------------
Ambient Humidity Total = 10470.199999999993
Ambient Humidity Count = 200
Avg Ambient Humidity = 56.01050000000002
-------------------------------------------
Passenger Total = 1226
Passenger Count = 200
Avg Passenger = 6.13
-------------------------------------------
Total Mass = 741575.3000000003
Train Count = 200.0
Avg Train Mass = 3707.876500000001
-------------------------------------------
Avg Train Speed = 19.2485
-------------------------------------------
Avg Train Acceleration = 19.2485
-------------------------------------------
Train Vibration Count = 400.0
Avg Train Vibration = 0.035931893276874696
-------------------------------------------
Avg Time on the Chain Dog = 0.105
-------------------------------------------
Avg Time Braking = 0.105
-------------------------------------------
Avg Moisture Reading = 0.065
-------------------------------------------
Ambient Temp Total = 11202.100000000004
Ambient Temp  Count = 200
Avg Ambient Temp = 56.01050000000002
-------------------------------------------
Ambient Humidity Total = 10470.199999999993
Ambient Humidity Count = 200
Avg Ambient Humidity = 56.01050000000002
-------------------------------------------
Passenger Total = 1226
Passenger Count = 200
Avg Passenger = 6.13
-------------------------------------------
Total Mass = 741575.3000000003
Train Count = 200.0
Avg Train Mass = 3707.876500000001
-------------------------------------------
Avg Train Speed = 19.2485
-------------------------------------------
Avg Train Acceleration = 19.2485
-------------------------------------------
Train Vibration Count = 400.0
Avg Train Vibration = 0.035931893276874696
-------------------------------------------
Avg Time on the Chain Dog = 0.105
-------------------------------------------
Avg Time Braking = 0.105
-------------------------------------------
Avg Moisture Reading = 0.065
-------------------------------------------
Ambient Temp Total = 11202.100000000004
Ambient Temp  Count = 200
Avg Ambient Temp = 56.01050000000002
-------------------------------------------
Ambient Humidity Total = 10470.199999999993
Ambient Humidity Count = 200
Avg Ambient Humidity = 56.01050000000002
-------------------------------------------
Passenger Total = 1226
Passenger Count = 200
Avg Passenger = 6.13
-------------------------------------------
Total Mass = 741575.3000000003
Train Count = 200.0
Avg Train Mass = 3707.876500000001
-------------------------------------------
Avg Train Speed = 19.2485
-------------------------------------------
Avg Train Acceleration = 19.2485
-------------------------------------------
Train Vibration Count = 400.0
Avg Train Vibration = 0.035931893276874696
-------------------------------------------
Avg Time on the Chain Dog = 0.105
-------------------------------------------
Avg Time Braking = 0.105
-------------------------------------------
Avg Moisture Reading = 0.065
-------------------------------------------
Ambient Temp Total = 11202.100000000004
Ambient Temp  Count = 200
Avg Ambient Temp = 56.01050000000002
-------------------------------------------
Ambient Humidity Total = 10470.199999999993
Ambient Humidity Count = 200
Avg Ambient Humidity = 56.01050000000002
-------------------------------------------
Passenger Total = 1226
Passenger Count = 200
Avg Passenger = 6.13
-------------------------------------------
Total Mass = 741575.3000000003
Train Count = 200.0
Avg Train Mass = 3707.876500000001
-------------------------------------------
Avg Train Speed = 19.2485
-------------------------------------------
Avg Train Acceleration = 19.2485
-------------------------------------------
Train Vibration Count = 400.0
Avg Train Vibration = 0.035931893276874696
-------------------------------------------
Avg Time on the Chain Dog = 0.105
-------------------------------------------
Avg Time Braking = 0.105
-------------------------------------------
Avg Moisture Reading = 0.065
-------------------------------------------
Ambient Temp Total = 11202.100000000004
Ambient Temp  Count = 200
Avg Ambient Temp = 56.01050000000002
-------------------------------------------
Ambient Humidity Total = 10470.199999999993
Ambient Humidity Count = 200
Avg Ambient Humidity = 56.01050000000002
-------------------------------------------
Passenger Total = 1226
Passenger Count = 200
Avg Passenger = 6.13
-------------------------------------------
Total Mass = 741575.3000000003
Train Count = 200.0
Avg Train Mass = 3707.876500000001
-------------------------------------------
Avg Train Speed = 19.2485
-------------------------------------------
Avg Train Acceleration = 19.2485
-------------------------------------------
Train Vibration Count = 400.0
Avg Train Vibration = 0.035931893276874696
-------------------------------------------
Avg Time on the Chain Dog = 0.105
-------------------------------------------
Avg Time Braking = 0.105
-------------------------------------------
Avg Moisture Reading = 0.065
-------------------------------------------
Ambient Temp Total = 11202.100000000004
Ambient Temp  Count = 200
Avg Ambient Temp = 56.01050000000002
-------------------------------------------
Ambient Humidity Total = 10470.199999999993
Ambient Humidity Count = 200
Avg Ambient Humidity = 56.01050000000002
-------------------------------------------
Passenger Total = 1226
Passenger Count = 200
Avg Passenger = 6.13
-------------------------------------------
Total Mass = 741575.3000000003
Train Count = 200.0
Avg Train Mass = 3707.876500000001
-------------------------------------------
Avg Train Speed = 19.2485
-------------------------------------------
Avg Train Acceleration = 19.2485
-------------------------------------------
Train Vibration Count = 400.0
Avg Train Vibration = 0.035931893276874696
-------------------------------------------
Avg Time on the Chain Dog = 0.105
-------------------------------------------
Avg Time Braking = 0.105
-------------------------------------------
Avg Moisture Reading = 0.065
-------------------------------------------
Ambient Temp Total = 17415.3
Ambient Temp  Count = 300
Avg Ambient Temp = 58.050999999999995
-------------------------------------------
Ambient Humidity Total = 15360.499999999996
Ambient Humidity Count = 300
Avg Ambient Humidity = 58.050999999999995
-------------------------------------------
Passenger Total = 1738
Passenger Count = 300
Avg Passenger = 5.793333333333333
-------------------------------------------
Total Mass = 1107830.5
Train Count = 300.0
Avg Train Mass = 3692.7683333333334
-------------------------------------------
Avg Train Speed = 18.78233333333332
-------------------------------------------
Avg Train Acceleration = 18.78233333333332
-------------------------------------------
Train Vibration Count = 600.0
Avg Train Vibration = 0.05647062283108437
-------------------------------------------
Avg Time on the Chain Dog = 0.11333333333333333
-------------------------------------------
Avg Time Braking = 0.11333333333333333
-------------------------------------------
Avg Moisture Reading = 0.06
-------------------------------------------
Ambient Temp Total = 17415.3
Ambient Temp  Count = 300
Avg Ambient Temp = 58.050999999999995
-------------------------------------------
Ambient Humidity Total = 15360.499999999996
Ambient Humidity Count = 300
Avg Ambient Humidity = 58.050999999999995
-------------------------------------------
Passenger Total = 1738
Passenger Count = 300
Avg Passenger = 5.793333333333333
-------------------------------------------
Total Mass = 1107830.5
Train Count = 300.0
Avg Train Mass = 3692.7683333333334
-------------------------------------------
Avg Train Speed = 18.78233333333332
-------------------------------------------
Avg Train Acceleration = 18.78233333333332
-------------------------------------------
Train Vibration Count = 600.0
Avg Train Vibration = 0.05647062283108437
-------------------------------------------
Avg Time on the Chain Dog = 0.11333333333333333
-------------------------------------------
Avg Time Braking = 0.11333333333333333
-------------------------------------------
Avg Moisture Reading = 0.06
-------------------------------------------
Ambient Temp Total = 17415.3
Ambient Temp  Count = 300
Avg Ambient Temp = 58.050999999999995
-------------------------------------------
Ambient Humidity Total = 15360.499999999996
Ambient Humidity Count = 300
Avg Ambient Humidity = 58.050999999999995
-------------------------------------------
Passenger Total = 1738
Passenger Count = 300
Avg Passenger = 5.793333333333333
-------------------------------------------
Total Mass = 1107830.5
Train Count = 300.0
Avg Train Mass = 3692.7683333333334
-------------------------------------------
Avg Train Speed = 18.78233333333332
-------------------------------------------
Avg Train Acceleration = 18.78233333333332
-------------------------------------------
Train Vibration Count = 600.0
Avg Train Vibration = 0.05647062283108437
-------------------------------------------
Avg Time on the Chain Dog = 0.11333333333333333
-------------------------------------------
Avg Time Braking = 0.11333333333333333
-------------------------------------------
Avg Moisture Reading = 0.06
-------------------------------------------
Ambient Temp Total = 17415.3
Ambient Temp  Count = 300
Avg Ambient Temp = 58.050999999999995
-------------------------------------------
Ambient Humidity Total = 15360.499999999996
Ambient Humidity Count = 300
Avg Ambient Humidity = 58.050999999999995
-------------------------------------------
Passenger Total = 1738
Passenger Count = 300
Avg Passenger = 5.793333333333333
-------------------------------------------
Total Mass = 1107830.5
Train Count = 300.0
Avg Train Mass = 3692.7683333333334
-------------------------------------------
Avg Train Speed = 18.78233333333332
-------------------------------------------
Avg Train Acceleration = 18.78233333333332
-------------------------------------------
Train Vibration Count = 600.0
Avg Train Vibration = 0.05647062283108437
-------------------------------------------
Avg Time on the Chain Dog = 0.11333333333333333
-------------------------------------------
Avg Time Braking = 0.11333333333333333
-------------------------------------------
Avg Moisture Reading = 0.06
-------------------------------------------
Ambient Temp Total = 17415.3
Ambient Temp  Count = 300
Avg Ambient Temp = 58.050999999999995
-------------------------------------------
Ambient Humidity Total = 15360.499999999996
Ambient Humidity Count = 300
Avg Ambient Humidity = 58.050999999999995
-------------------------------------------
Passenger Total = 1738
Passenger Count = 300
Avg Passenger = 5.793333333333333
-------------------------------------------
Total Mass = 1107830.5
Train Count = 300.0
Avg Train Mass = 3692.7683333333334
-------------------------------------------
Avg Train Speed = 18.78233333333332
-------------------------------------------
Avg Train Acceleration = 18.78233333333332
-------------------------------------------
Train Vibration Count = 600.0
Avg Train Vibration = 0.05647062283108437
-------------------------------------------
Avg Time on the Chain Dog = 0.11333333333333333
-------------------------------------------
Avg Time Braking = 0.11333333333333333
-------------------------------------------
Avg Moisture Reading = 0.06
-------------------------------------------
Ambient Temp Total = 17415.3
Ambient Temp  Count = 300
Avg Ambient Temp = 58.050999999999995
-------------------------------------------
Ambient Humidity Total = 15360.499999999996
Ambient Humidity Count = 300
Avg Ambient Humidity = 58.050999999999995
-------------------------------------------
Passenger Total = 1738
Passenger Count = 300
Avg Passenger = 5.793333333333333
-------------------------------------------
Total Mass = 1107830.5
Train Count = 300.0
Avg Train Mass = 3692.7683333333334
-------------------------------------------
Avg Train Speed = 18.78233333333332
-------------------------------------------
Avg Train Acceleration = 18.78233333333332
-------------------------------------------
Train Vibration Count = 600.0
Avg Train Vibration = 0.05647062283108437
-------------------------------------------
Avg Time on the Chain Dog = 0.11333333333333333
-------------------------------------------
Avg Time Braking = 0.11333333333333333
-------------------------------------------
Avg Moisture Reading = 0.06
-------------------------------------------
Ambient Temp Total = 23177.20000000001
Ambient Temp  Count = 400
Avg Ambient Temp = 57.943000000000026
-------------------------------------------
Ambient Humidity Total = 20482.900000000005
Ambient Humidity Count = 400
Avg Ambient Humidity = 57.943000000000026
-------------------------------------------
Passenger Total = 2336
Passenger Count = 400
Avg Passenger = 5.84
-------------------------------------------
Total Mass = 1480257.5000000007
Train Count = 400.0
Avg Train Mass = 3700.6437500000015
-------------------------------------------
Avg Train Speed = 18.34349999999999
-------------------------------------------
Avg Train Acceleration = 18.34349999999999
-------------------------------------------
Train Vibration Count = 800.0
Avg Train Vibration = 0.036505007179161664
-------------------------------------------
Avg Time on the Chain Dog = 0.1275
-------------------------------------------
Avg Time Braking = 0.1275
-------------------------------------------
Avg Moisture Reading = 0.0675
-------------------------------------------
Ambient Temp Total = 23177.20000000001
Ambient Temp  Count = 400
Avg Ambient Temp = 57.943000000000026
-------------------------------------------
Ambient Humidity Total = 20482.900000000005
Ambient Humidity Count = 400
Avg Ambient Humidity = 57.943000000000026
-------------------------------------------
Passenger Total = 2336
Passenger Count = 400
Avg Passenger = 5.84
-------------------------------------------
Total Mass = 1480257.5000000007
Train Count = 400.0
Avg Train Mass = 3700.6437500000015
-------------------------------------------
Avg Train Speed = 18.34349999999999
-------------------------------------------
Avg Train Acceleration = 18.34349999999999
-------------------------------------------
Train Vibration Count = 800.0
Avg Train Vibration = 0.036505007179161664
-------------------------------------------
Avg Time on the Chain Dog = 0.1275
-------------------------------------------
Avg Time Braking = 0.1275
-------------------------------------------
Avg Moisture Reading = 0.0675
-------------------------------------------
Ambient Temp Total = 23177.20000000001
Ambient Temp  Count = 400
Avg Ambient Temp = 57.943000000000026
-------------------------------------------
Ambient Humidity Total = 20482.900000000005
Ambient Humidity Count = 400
Avg Ambient Humidity = 57.943000000000026
-------------------------------------------
Passenger Total = 2336
Passenger Count = 400
Avg Passenger = 5.84
-------------------------------------------
Total Mass = 1480257.5000000007
Train Count = 400.0
Avg Train Mass = 3700.6437500000015
-------------------------------------------
Avg Train Speed = 18.34349999999999
-------------------------------------------
Avg Train Acceleration = 18.34349999999999
-------------------------------------------
Train Vibration Count = 800.0
Avg Train Vibration = 0.036505007179161664
-------------------------------------------
Avg Time on the Chain Dog = 0.1275
-------------------------------------------
Avg Time Braking = 0.1275
-------------------------------------------
Avg Moisture Reading = 0.0675
-------------------------------------------
Ambient Temp Total = 23177.20000000001
Ambient Temp  Count = 400
Avg Ambient Temp = 57.943000000000026
-------------------------------------------
Ambient Humidity Total = 20482.900000000005
Ambient Humidity Count = 400
Avg Ambient Humidity = 57.943000000000026
-------------------------------------------
Passenger Total = 2336
Passenger Count = 400
Avg Passenger = 5.84
-------------------------------------------
Total Mass = 1480257.5000000007
Train Count = 400.0
Avg Train Mass = 3700.6437500000015
-------------------------------------------
Avg Train Speed = 18.34349999999999
-------------------------------------------
Avg Train Acceleration = 18.34349999999999
-------------------------------------------
Train Vibration Count = 800.0
Avg Train Vibration = 0.036505007179161664
-------------------------------------------
Avg Time on the Chain Dog = 0.1275
-------------------------------------------
Avg Time Braking = 0.1275
-------------------------------------------
Avg Moisture Reading = 0.0675
-------------------------------------------
Ambient Temp Total = 23177.20000000001
Ambient Temp  Count = 400
Avg Ambient Temp = 57.943000000000026
-------------------------------------------
Ambient Humidity Total = 20482.900000000005
Ambient Humidity Count = 400
Avg Ambient Humidity = 57.943000000000026
-------------------------------------------
Passenger Total = 2336
Passenger Count = 400
Avg Passenger = 5.84
-------------------------------------------
Total Mass = 1480257.5000000007
Train Count = 400.0
Avg Train Mass = 3700.6437500000015
-------------------------------------------
Avg Train Speed = 18.34349999999999
-------------------------------------------
Avg Train Acceleration = 18.34349999999999
-------------------------------------------
Train Vibration Count = 800.0
Avg Train Vibration = 0.036505007179161664
-------------------------------------------
Avg Time on the Chain Dog = 0.1275
-------------------------------------------
Avg Time Braking = 0.1275
-------------------------------------------
Avg Moisture Reading = 0.0675
-------------------------------------------
Ambient Temp Total = 23177.20000000001
Ambient Temp  Count = 400
Avg Ambient Temp = 57.943000000000026
-------------------------------------------
Ambient Humidity Total = 20482.900000000005
Ambient Humidity Count = 400
Avg Ambient Humidity = 57.943000000000026
-------------------------------------------
Passenger Total = 2336
Passenger Count = 400
Avg Passenger = 5.84
-------------------------------------------
Total Mass = 1480257.5000000007
Train Count = 400.0
Avg Train Mass = 3700.6437500000015
-------------------------------------------
Avg Train Speed = 18.34349999999999
-------------------------------------------
Avg Train Acceleration = 18.34349999999999
-------------------------------------------
Train Vibration Count = 800.0
Avg Train Vibration = 0.036505007179161664
-------------------------------------------
Avg Time on the Chain Dog = 0.1275
-------------------------------------------
Avg Time Braking = 0.1275
-------------------------------------------
Avg Moisture Reading = 0.0675
-------------------------------------------
Ambient Temp Total = 23177.20000000001
Ambient Temp  Count = 400
Avg Ambient Temp = 57.943000000000026
-------------------------------------------
Ambient Humidity Total = 20482.900000000005
Ambient Humidity Count = 400
Avg Ambient Humidity = 57.943000000000026
-------------------------------------------
Passenger Total = 2336
Passenger Count = 400
Avg Passenger = 5.84
-------------------------------------------
Total Mass = 1480257.5000000007
Train Count = 400.0
Avg Train Mass = 3700.6437500000015
-------------------------------------------
Avg Train Speed = 18.34349999999999
-------------------------------------------
Avg Train Acceleration = 18.34349999999999
-------------------------------------------
Train Vibration Count = 800.0
Avg Train Vibration = 0.036505007179161664
-------------------------------------------
Avg Time on the Chain Dog = 0.1275
-------------------------------------------
Avg Time Braking = 0.1275
-------------------------------------------
Avg Moisture Reading = 0.0675
-------------------------------------------
Ambient Temp Total = 28526.60000000001
Ambient Temp  Count = 500
Avg Ambient Temp = 57.05320000000002
-------------------------------------------
Ambient Humidity Total = 25384.700000000004
Ambient Humidity Count = 500
Avg Ambient Humidity = 57.05320000000002
-------------------------------------------
Passenger Total = 2968
Passenger Count = 500
Avg Passenger = 5.936
-------------------------------------------
Total Mass = 1853860.1000000008
Train Count = 500.0
Avg Train Mass = 3707.7202000000016
-------------------------------------------
Avg Train Speed = 18.55419999999999
-------------------------------------------
Avg Train Acceleration = 18.55419999999999
-------------------------------------------
Train Vibration Count = 1000.0
Avg Train Vibration = 0.040250105282822336
-------------------------------------------
Avg Time on the Chain Dog = 0.124
-------------------------------------------
Avg Time Braking = 0.124
-------------------------------------------
Avg Moisture Reading = 0.068
-------------------------------------------
Ambient Temp Total = 28526.60000000001
Ambient Temp  Count = 500
Avg Ambient Temp = 57.05320000000002
-------------------------------------------
Ambient Humidity Total = 25384.700000000004
Ambient Humidity Count = 500
Avg Ambient Humidity = 57.05320000000002
-------------------------------------------
Passenger Total = 2968
Passenger Count = 500
Avg Passenger = 5.936
-------------------------------------------
Total Mass = 1853860.1000000008
Train Count = 500.0
Avg Train Mass = 3707.7202000000016
-------------------------------------------
Avg Train Speed = 18.55419999999999
-------------------------------------------
Avg Train Acceleration = 18.55419999999999
-------------------------------------------
Train Vibration Count = 1000.0
Avg Train Vibration = 0.040250105282822336
-------------------------------------------
Avg Time on the Chain Dog = 0.124
-------------------------------------------
Avg Time Braking = 0.124
-------------------------------------------
Avg Moisture Reading = 0.068
-------------------------------------------
Ambient Temp Total = 28526.60000000001
Ambient Temp  Count = 500
Avg Ambient Temp = 57.05320000000002
-------------------------------------------
Ambient Humidity Total = 25384.700000000004
Ambient Humidity Count = 500
Avg Ambient Humidity = 57.05320000000002
-------------------------------------------
Passenger Total = 2968
Passenger Count = 500
Avg Passenger = 5.936
-------------------------------------------
Total Mass = 1853860.1000000008
Train Count = 500.0
Avg Train Mass = 3707.7202000000016
-------------------------------------------
Avg Train Speed = 18.55419999999999
-------------------------------------------
Avg Train Acceleration = 18.55419999999999
-------------------------------------------
Train Vibration Count = 1000.0
Avg Train Vibration = 0.040250105282822336
-------------------------------------------
Avg Time on the Chain Dog = 0.124
-------------------------------------------
Avg Time Braking = 0.124
-------------------------------------------
Avg Moisture Reading = 0.068
-------------------------------------------
Ambient Temp Total = 28526.60000000001
Ambient Temp  Count = 500
Avg Ambient Temp = 57.05320000000002
-------------------------------------------
Ambient Humidity Total = 25384.700000000004
Ambient Humidity Count = 500
Avg Ambient Humidity = 57.05320000000002
-------------------------------------------
Passenger Total = 2968
Passenger Count = 500
Avg Passenger = 5.936
-------------------------------------------
Total Mass = 1853860.1000000008
Train Count = 500.0
Avg Train Mass = 3707.7202000000016
-------------------------------------------
Avg Train Speed = 18.55419999999999
-------------------------------------------
Avg Train Acceleration = 18.55419999999999
-------------------------------------------
Train Vibration Count = 1000.0
Avg Train Vibration = 0.040250105282822336
-------------------------------------------
Avg Time on the Chain Dog = 0.124
-------------------------------------------
Avg Time Braking = 0.124
-------------------------------------------
Avg Moisture Reading = 0.068
-------------------------------------------
Ambient Temp Total = 28526.60000000001
Ambient Temp  Count = 500
Avg Ambient Temp = 57.05320000000002
-------------------------------------------
Ambient Humidity Total = 25384.700000000004
Ambient Humidity Count = 500
Avg Ambient Humidity = 57.05320000000002
-------------------------------------------
Passenger Total = 2968
Passenger Count = 500
Avg Passenger = 5.936
-------------------------------------------
Total Mass = 1853860.1000000008
Train Count = 500.0
Avg Train Mass = 3707.7202000000016
-------------------------------------------
Avg Train Speed = 18.55419999999999
-------------------------------------------
Avg Train Acceleration = 18.55419999999999
-------------------------------------------
Train Vibration Count = 1000.0
Avg Train Vibration = 0.040250105282822336
-------------------------------------------
Avg Time on the Chain Dog = 0.124
-------------------------------------------
Avg Time Braking = 0.124
-------------------------------------------
Avg Moisture Reading = 0.068
-------------------------------------------
Ambient Temp Total = 28526.60000000001
Ambient Temp  Count = 500
Avg Ambient Temp = 57.05320000000002
-------------------------------------------
Ambient Humidity Total = 25384.700000000004
Ambient Humidity Count = 500
Avg Ambient Humidity = 57.05320000000002
-------------------------------------------
Passenger Total = 2968
Passenger Count = 500
Avg Passenger = 5.936
-------------------------------------------
Total Mass = 1853860.1000000008
Train Count = 500.0
Avg Train Mass = 3707.7202000000016
-------------------------------------------
Avg Train Speed = 18.55419999999999
-------------------------------------------
Avg Train Acceleration = 18.55419999999999
-------------------------------------------
Train Vibration Count = 1000.0
Avg Train Vibration = 0.040250105282822336
-------------------------------------------
Avg Time on the Chain Dog = 0.124
-------------------------------------------
Avg Time Braking = 0.124
-------------------------------------------
Avg Moisture Reading = 0.068
-------------------------------------------
Ambient Temp Total = 28526.60000000001
Ambient Temp  Count = 500
Avg Ambient Temp = 57.05320000000002
-------------------------------------------
Ambient Humidity Total = 25384.700000000004
Ambient Humidity Count = 500
Avg Ambient Humidity = 57.05320000000002
-------------------------------------------
Passenger Total = 2968
Passenger Count = 500
Avg Passenger = 5.936
-------------------------------------------
Total Mass = 1853860.1000000008
Train Count = 500.0
Avg Train Mass = 3707.7202000000016
-------------------------------------------
Avg Train Speed = 18.55419999999999
-------------------------------------------
Avg Train Acceleration = 18.55419999999999
-------------------------------------------
Train Vibration Count = 1000.0
Avg Train Vibration = 0.040250105282822336
-------------------------------------------
Avg Time on the Chain Dog = 0.124
-------------------------------------------
Avg Time Braking = 0.124
-------------------------------------------
Avg Moisture Reading = 0.068
-------------------------------------------
Ambient Temp Total = 28526.60000000001
Ambient Temp  Count = 500
Avg Ambient Temp = 57.05320000000002
-------------------------------------------
Ambient Humidity Total = 25384.700000000004
Ambient Humidity Count = 500
Avg Ambient Humidity = 57.05320000000002
-------------------------------------------
